docker : #0 building 
with "desktop-linux" 
instance using docker 
driver
Au caractère Ligne:1 
: 1
+ docker build 
--progress=plain -t ca
mpaign-management-fron
tend-test .  ...
+ ~~~~~~~~~~~~~~~~~~~~
~~~~~~~~~~~~~~~~~~~~~~
~~~~~~~~~~~~~~~~~~~~~~
~~~~~
    + CategoryInfo    
          : NotSpeci  
  fied: (#0 buildin   
 g wit...g docker     
driver:String) []    
, RemoteException
    + FullyQualifiedE 
   rrorId : NativeCo  
  mmandError
 

#1 [internal] load 
build definition from 
Dockerfile
#1 transferring 
dockerfile: 652B 0.0s 
done
#1 DONE 0.0s

#2 [internal] load 
metadata for dhi.io/ng
inx:1.28.0-alpine3.21-
dev
#2 DONE 0.5s

#3 [internal] load 
metadata for dhi.io/no
de:24-alpine3.22-dev
#3 DONE 0.5s

#4 [internal] load 
.dockerignore
#4 transferring 
context: 663B done
#4 DONE 0.0s

#5 [runner 1/5] FROM d
hi.io/nginx:1.28.0-alp
ine3.21-dev@sha256:e4d
8da933f9f692d160676f4d
65baf3f5987744ee8e1e39
0ba3cc8d4e11acc21
#5 resolve dhi.io/ngin
x:1.28.0-alpine3.21-de
v@sha256:e4d8da933f9f6
92d160676f4d65baf3f598
7744ee8e1e390ba3cc8d4e
11acc21 0.0s done
#5 DONE 0.0s

#6 [builder 1/6] FROM 
dhi.io/node:24-alpine3
.22-dev@sha256:5ded6d4
6e362ffca767f2603a8dce
cabebf5bd6abc71a884f53
1bd3155b2ba41
#6 resolve dhi.io/node
:24-alpine3.22-dev@sha
256:5ded6d46e362ffca76
7f2603a8dcecabebf5bd6a
bc71a884f531bd3155b2ba
41 0.0s done
#6 DONE 0.0s

#7 [internal] load 
build context
#7 transferring 
context: 172.99kB 
0.1s done
#7 DONE 0.1s

#8 [builder 2/6] 
WORKDIR /app
#8 CACHED

#9 [runner 2/5] COPY 
nginx.conf 
/etc/nginx/nginx.conf
#9 CACHED

#10 [builder 3/6] 
COPY package*.json ./
#10 CACHED

#11 [builder 4/6] RUN 
--mount=type=cache,tar
get=/root/.npm npm 
install 
--legacy-peer-deps
#11 5.993 npm warn 
deprecated 
rimraf@3.0.2: Rimraf 
versions prior to v4 
are no longer 
supported
#11 6.954 npm warn 
deprecated tar@6.2.1: 
Old versions of tar 
are not supported, 
and contain widely 
publicized security 
vulnerabilities, 
which have been fixed 
in the current 
version. Please 
update. Support for 
old versions may be 
purchased (at 
exorbitant rates) by 
contacting i@izs.me
#11 7.449 npm warn 
deprecated 
inflight@1.0.6: This 
module is not 
supported, and leaks 
memory. Do not use 
it. Check out 
lru-cache if you want 
a good and tested way 
to coalesce async 
requests by a key 
value, which is much 
more comprehensive 
and powerful.
#11 7.524 npm warn 
deprecated 
lodash.isequal@4.5.0: 
This package is 
deprecated. Use requir
e('node:util').isDeepS
trictEqual instead.
#11 7.661 npm warn 
deprecated 
glob@7.2.3: Old 
versions of glob are 
not supported, and 
contain widely 
publicized security 
vulnerabilities, 
which have been fixed 
in the current 
version. Please 
update. Support for 
old versions may be 
purchased (at 
exorbitant rates) by 
contacting i@izs.me
#11 14.52 npm warn 
deprecated 
glob@10.5.0: Old 
versions of glob are 
not supported, and 
contain widely 
publicized security 
vulnerabilities, 
which have been fixed 
in the current 
version. Please 
update. Support for 
old versions may be 
purchased (at 
exorbitant rates) by 
contacting i@izs.me
#11 14.65 npm warn 
deprecated 
glob@10.5.0: Old 
versions of glob are 
not supported, and 
contain widely 
publicized security 
vulnerabilities, 
which have been fixed 
in the current 
version. Please 
update. Support for 
old versions may be 
purchased (at 
exorbitant rates) by 
contacting i@izs.me
#11 24.36 
#11 24.36 added 977 
packages, and audited 
978 packages in 24s
#11 24.36 
#11 24.36 184 
packages are looking 
for funding
#11 24.36   run `npm 
fund` for details
#11 24.39 
#11 24.39 7 
vulnerabilities (1 
low, 6 high)
#11 24.39 
#11 24.39 To address 
all issues (including 
breaking changes), 
run:
#11 24.39   npm audit 
fix --force
#11 24.39 
#11 24.39 Run `npm 
audit` for details.
#11 DONE 25.6s

#12 [builder 5/6] 
COPY . .
#12 DONE 7.6s

#13 [builder 6/6] RUN 
npm run build -- --con
figuration=production
#13 0.619 
#13 0.619 > campaing-m
anagement-frontend@0.0
.0 build
#13 0.619 > ng build -
-configuration=product
ion
#13 0.619 
#13 2.013 ÔØ» 
Building...
#13 28.60 Ô£ö 
Building...
#13 28.61 Initial 
chunk files   | Names 
                      
|  Raw size | 
Estimated transfer 
size
#13 28.61 
chunk-C6YURF6J.js     
| -                   
        | 307.24 kB | 
               87.39 
kB
#13 28.61 
chunk-RVIVUJ74.js     
| -                   
        | 207.58 kB | 
               61.89 
kB
#13 28.61 
styles-YQGG3IU3.css   
| styles              
        |  92.59 kB | 
               14.37 
kB
#13 28.61 
chunk-TCQ5K4YF.js     
| -                   
        |  70.85 kB | 
               17.67 
kB
#13 28.61 
chunk-6456BVFH.js     
| -                   
        |  50.07 kB | 
               14.62 
kB
#13 28.61 
polyfills-B6TNHZQ6.js 
| polyfills           
        |  34.58 kB | 
               11.32 
kB
#13 28.61 
main-76S334LO.js      
| main                
        |  28.91 kB | 
                8.69 
kB
#13 28.61 
chunk-MAVNWS4Y.js     
| -                   
        |  20.30 kB | 
                6.61 
kB
#13 28.61 
chunk-V3YDKEYL.js     
| -                   
        |  17.14 kB | 
                4.20 
kB
#13 28.61 
chunk-MRIXSSFL.js     
| -                   
        |   2.62 kB | 
              665 
bytes
#13 28.61 
chunk-GAL4ENT6.js     
| -                   
        |   1.34 kB | 
              576 
bytes
#13 28.61 
chunk-REX2IXNY.js     
| -                   
        | 856 bytes | 
              856 
bytes
#13 28.61 
chunk-AXJZUZHO.js     
| -                   
        |  76 bytes | 
               76 
bytes
#13 28.61 
#13 28.61             
          | Initial 
total               | 
834.14 kB |           
    228.94 kB
#13 28.61 
#13 28.61 Lazy chunk 
files      | Names    
                   |  
Raw size | Estimated 
transfer size
#13 28.61 
chunk-TVW5FX7Q.js     
| quill               
        | 184.49 kB | 
               47.16 
kB
#13 28.61 
chunk-Y4766YQU.js     
| -                   
        |  46.19 kB | 
                9.26 
kB
#13 28.61 
chunk-4RYV2JR7.js     
| templates-component 
        |  28.53 kB | 
                7.38 
kB
#13 28.61 
chunk-SZAG2YQF.js     
| campaigns-component 
        |  22.02 kB | 
                5.28 
kB
#13 28.61 
chunk-AFTMVJZC.js     
| automation-detail-co
mponent |  20.06 kB | 
                5.39 
kB
#13 28.61 
chunk-NGVZURK4.js     
| core                
        |  19.66 kB | 
                4.71 
kB
#13 28.61 
chunk-LGGLSO43.js     
| 
automation-component  
      |  19.42 kB |   
              4.81 kB
#13 28.61 
chunk-4ZRTNRWC.js     
| contacts-component  
        |  19.06 kB | 
                4.27 
kB
#13 28.61 
chunk-MKNAWU3P.js     
| campaign-detail-comp
onent   |  18.25 kB | 
                4.48 
kB
#13 28.61 
chunk-JPAK52HC.js     
| analytics-component 
        |  16.98 kB | 
                4.32 
kB
#13 28.61 
chunk-2HJP62MM.js     
| users-component     
        |  13.13 kB | 
                3.64 
kB
#13 28.61 
chunk-LWQFMMGA.js     
| dashboard-component 
        |  12.97 kB | 
                3.42 
kB
#13 28.61 
chunk-ZJG6TWBS.js     
| settings-component  
        |  10.27 kB | 
                2.91 
kB
#13 28.61 
chunk-547RYVAB.js     
| accept-invitation-co
mponent |   9.40 kB | 
                2.61 
kB
#13 28.61 
chunk-CPK2P6V4.js     
| register-component  
        |   7.25 kB | 
                1.91 
kB
#13 28.61 ...and 13 
more lazy chunks 
files. Use 
"--verbose" to show 
all the files.
#13 28.61 
#13 28.61 Application 
bundle generation 
complete. [26.590 
seconds]
#13 28.61 
#13 28.61 Ôû▓ 
[WARNING] All 
"@import" rules must 
come first 
[invalid-@import]
#13 28.61 
#13 28.61     
src/styles.css:2400:0:
#13 28.61       2400 
Ôöé @import url("https
://fonts.googleapis.co
m/css2?family=Inter:wg
ht...
#13 28.61            
ÔòÁ ~~~~~~~
#13 28.61 
#13 28.61   This rule 
cannot come before an 
"@import" rule
#13 28.61 
#13 28.61     
src/styles.css:4:0:
#13 28.61       4 Ôöé 
@layer theme {
#13 28.61         ÔòÁ 
^
#13 28.61 
#13 28.61 
#13 28.61 Ôû▓ 
[WARNING] bundle 
initial exceeded 
maximum budget. 
Budget 500.00 kB was 
not met by 334.14 kB 
with a total of 
834.14 kB.
#13 28.61 
#13 28.61 
#13 28.61 Ôû▓ 
[WARNING] Module 
'quill-delta' used by 
'node_modules/quill/co
re.js' is not ESM
#13 28.61 
#13 28.61   CommonJS 
or AMD dependencies 
can cause 
optimization bailouts.
#13 28.61   For more 
information see: https
://angular.dev/tools/c
li/build#configuring-c
ommonjs-dependencies
#13 28.61 
#13 28.61 
#13 28.61 Ôû▓ 
[WARNING] 55 rules 
skipped due to 
selector errors:
#13 28.61   & -> 
Empty sub-selector
#13 28.61   & -> 
Empty sub-selector
#13 28.61   & -> 
Empty sub-selector
#13 28.61   & -> 
Empty sub-selector
#13 28.61   & -> 
Empty sub-selector
#13 28.61   & -> 
Empty sub-selector
#13 28.61   & -> 
Empty sub-selector
#13 28.61   & -> 
Empty sub-selector
#13 28.61   & -> 
Empty sub-selector
#13 28.61   & -> 
Empty sub-selector
#13 28.61   & -> 
Empty sub-selector
#13 28.61   & -> 
Empty sub-selector
#13 28.61   & -> 
Empty sub-selector
#13 28.61   & -> 
Empty sub-selector
#13 28.61   & -> 
Empty sub-selector
#13 28.61   & -> 
Empty sub-selector
#13 28.61   & -> 
Empty sub-selector
#13 28.61   & -> 
Empty sub-selector
#13 28.61   & -> 
Empty sub-selector
#13 28.61   & -> 
Empty sub-selector
#13 28.61   & -> 
Empty sub-selector
#13 28.61   & -> 
Empty sub-selector
#13 28.61   & -> 
Empty sub-selector
#13 28.61   & -> 
Empty sub-selector
#13 28.61   & -> 
Empty sub-selector
#13 28.61   & -> 
Empty sub-selector
#13 28.61   & -> 
Empty sub-selector
#13 28.61   & -> 
Empty sub-selector
#13 28.61   & -> 
Empty sub-selector
#13 28.61   & -> 
Empty sub-selector
#13 28.61   & -> 
Empty sub-selector
#13 28.61   & -> 
Empty sub-selector
#13 28.61   & -> 
Empty sub-selector
#13 28.61   & -> 
Empty sub-selector
#13 28.61   & -> 
Empty sub-selector
#13 28.61   & -> 
Empty sub-selector
#13 28.61   & -> 
Empty sub-selector
#13 28.61   & -> 
Empty sub-selector
#13 28.61   & -> 
Empty sub-selector
#13 28.61   & -> 
Empty sub-selector
#13 28.61   & -> 
Empty sub-selector
#13 28.61   & -> 
Empty sub-selector
#13 28.61   & -> 
Empty sub-selector
#13 28.61   & -> 
Empty sub-selector
#13 28.61   & -> 
Empty sub-selector
#13 28.61   & -> 
Empty sub-selector
#13 28.61   & -> 
Empty sub-selector
#13 28.61   & -> 
Empty sub-selector
#13 28.61   & -> 
Empty sub-selector
#13 28.61   & -> 
Empty sub-selector
#13 28.61   & -> 
Empty sub-selector
#13 28.61   & -> 
Empty sub-selector
#13 28.61   & -> 
Empty sub-selector
#13 28.61   & -> 
Empty sub-selector
#13 28.61   & -> 
Empty sub-selector
#13 28.61 
#13 28.61 
#13 28.62 Output 
location: /app/dist/ca
mpaing-management-fron
tend
#13 28.62 
#13 DONE 29.4s

#14 [runner 3/5] COPY 
--from=builder 
/app/dist/*/browser 
/usr/share/nginx/html
#14 DONE 0.1s

#15 [runner 4/5] RUN 
chown -R nginx:nginx 
/usr/share/nginx/html 
/var/cache/nginx 
/var/log/nginx 
/etc/nginx/conf.d
#15 DONE 0.6s

#16 [runner 5/5] RUN 
touch 
/var/run/nginx.pid && 
chown -R nginx:nginx 
/var/run/nginx.pid
#16 DONE 0.3s

#17 exporting to image
#17 exporting layers
#17 exporting layers 
0.3s done
#17 exporting 
manifest sha256:81ab0f
fb60ba5ae05f9983dc939e
35d2a5786c4c2ed55df09e
309154a47252f5 0.0s 
done
#17 exporting config s
ha256:42868b48afcd2ca9
22f0e18baafc381ac53407
c2771d7a601a4074bda4a3
55ed 0.1s done
#17 exporting 
attestation manifest s
ha256:1dc90698bf67fd2d
9c95cb276945f99bdae152
0d8d07abe1d3e55b6863b0
8e60 0.0s done
#17 exporting 
manifest list sha256:6
9292182b13be091301d9b5
256c3c98b8b3ad1d3a9251
3372228fa2cf3c9d000 
0.0s done
#17 naming to docker.i
o/library/campaign-man
agement-frontend-test:
latest done
#17 unpacking to docke
r.io/library/campaign-
management-frontend-te
st:latest
#17 unpacking to docke
r.io/library/campaign-
management-frontend-te
st:latest 0.1s done
#17 DONE 0.7s

View build details: do
cker-desktop://dashboa
rd/build/desktop-linux
/desktop-linux/l5z6es3
9bu5w2xd2yi1wyqjbv
